Démarré par l'utilisateur Hakim Benyoucef
Running as SYSTEM
Building in workspace /Users/hakim/.jenkins/workspace/Ecommerce-Build
The recommended git tool is: NONE
No credentials specified
Cloning the remote Git repository
Cloning repository https://github.com/HakimBenyoucef/eCommerceApp
 > git init /Users/hakim/.jenkins/workspace/Ecommerce-Build # timeout=10
Fetching upstream changes from https://github.com/HakimBenyoucef/eCommerceApp
 > git --version # timeout=10
 > git --version # 'git version 2.24.0'
 > git fetch --tags --force --progress -- https://github.com/HakimBenyoucef/eCommerceApp +refs/heads/*:refs/remotes/origin/* # timeout=10
 > git config remote.origin.url https://github.com/HakimBenyoucef/eCommerceApp # timeout=10
 > git config --add remote.origin.fetch +refs/heads/*:refs/remotes/origin/* # timeout=10
Avoid second fetch
 > git rev-parse refs/remotes/origin/main^{commit} # timeout=10
Checking out Revision 6512062a7183c245d3a3f48b9424154d8e847c2f (refs/remotes/origin/main)
 > git config core.sparsecheckout # timeout=10
 > git checkout -f 6512062a7183c245d3a3f48b9424154d8e847c2f # timeout=10
Commit message: "update logs"
First time build. Skipping changelog.
[Checks API] No suitable checks publisher found.
Parsing POMs
Un nouveau module com.example:auth-course auth-course a été trouvé
Modules changed, recalculating dependency graph
Established TCP socket on 51407
[Ecommerce-Build] $ /Library/Java/JavaVirtualMachines/jdk-14.0.2.jdk/Contents/Home/bin/java -cp /Users/hakim/.jenkins/plugins/maven-plugin/WEB-INF/lib/maven35-agent-1.13.jar:/usr/local/Cellar/maven/3.6.3/libexec/boot/plexus-classworlds-2.6.0.jar:/usr/local/Cellar/maven/3.6.3/libexec/conf/logging jenkins.maven3.agent.Maven35Main /usr/local/Cellar/maven/3.6.3/libexec /Users/hakim/.jenkins/war/WEB-INF/lib/remoting-4.5.jar /Users/hakim/.jenkins/plugins/maven-plugin/WEB-INF/lib/maven35-interceptor-1.13.jar /Users/hakim/.jenkins/plugins/maven-plugin/WEB-INF/lib/maven3-interceptor-commons-1.13.jar 51407
<===[JENKINS REMOTING CAPACITY]===>���channel started
Executing Maven:  -B -f /Users/hakim/.jenkins/workspace/Ecommerce-Build/pom.xml clean install
[INFO] Scanning for projects...
[INFO] 
[INFO] ----------------------< com.example:auth-course >-----------------------
[INFO] Building auth-course 0.0.1-SNAPSHOT
[INFO] --------------------------------[ jar ]---------------------------------
[INFO] 
[INFO] --- maven-clean-plugin:3.1.0:clean (default-clean) @ auth-course ---
[INFO] 
[INFO] --- maven-resources-plugin:3.1.0:resources (default-resources) @ auth-course ---
[INFO] Using 'UTF-8' encoding to copy filtered resources.
[INFO] Copying 1 resource
[INFO] Copying 1 resource
[INFO] 
[INFO] --- maven-compiler-plugin:3.8.1:compile (default-compile) @ auth-course ---
[INFO] Changes detected - recompiling the module!
[INFO] Compiling 20 source files to /Users/hakim/.jenkins/workspace/Ecommerce-Build/target/classes
[INFO] 
[INFO] --- maven-resources-plugin:3.1.0:testResources (default-testResources) @ auth-course ---
[INFO] Using 'UTF-8' encoding to copy filtered resources.
[INFO] skip non existing resourceDirectory /Users/hakim/.jenkins/workspace/Ecommerce-Build/src/test/resources
[INFO] 
[INFO] --- maven-compiler-plugin:3.8.1:testCompile (default-testCompile) @ auth-course ---
[INFO] Changes detected - recompiling the module!
[INFO] Compiling 6 source files to /Users/hakim/.jenkins/workspace/Ecommerce-Build/target/test-classes
[INFO] /Users/hakim/.jenkins/workspace/Ecommerce-Build/src/test/java/com/example/demo/TestUtils.java: /Users/hakim/.jenkins/workspace/Ecommerce-Build/src/test/java/com/example/demo/TestUtils.java uses or overrides a deprecated API.
[INFO] /Users/hakim/.jenkins/workspace/Ecommerce-Build/src/test/java/com/example/demo/TestUtils.java: Recompile with -Xlint:deprecation for details.
[INFO] /Users/hakim/.jenkins/workspace/Ecommerce-Build/src/test/java/com/example/demo/controllers/UserControllerTest.java: /Users/hakim/.jenkins/workspace/Ecommerce-Build/src/test/java/com/example/demo/controllers/UserControllerTest.java uses unchecked or unsafe operations.
[INFO] /Users/hakim/.jenkins/workspace/Ecommerce-Build/src/test/java/com/example/demo/controllers/UserControllerTest.java: Recompile with -Xlint:unchecked for details.
[INFO] 
[INFO] --- maven-surefire-plugin:2.22.2:test (default-test) @ auth-course ---
[INFO] Downloading from central: https://repo.maven.apache.org/maven2/org/apache/maven/surefire/surefire-junit4/2.22.2/surefire-junit4-2.22.2.pom
[INFO] Downloaded from central: https://repo.maven.apache.org/maven2/org/apache/maven/surefire/surefire-junit4/2.22.2/surefire-junit4-2.22.2.pom (3.1 kB at 7.9 kB/s)
[INFO] Downloading from central: https://repo.maven.apache.org/maven2/org/apache/maven/surefire/surefire-junit4/2.22.2/surefire-junit4-2.22.2.jar
[INFO] Downloaded from central: https://repo.maven.apache.org/maven2/org/apache/maven/surefire/surefire-junit4/2.22.2/surefire-junit4-2.22.2.jar (85 kB at 1.2 MB/s)
[INFO] 
[INFO] -------------------------------------------------------
[INFO]  T E S T S
[INFO] -------------------------------------------------------
[INFO] Running com.example.demo.AuthApplicationTests
16:03:26.903 [main] DEBUG org.springframework.test.context.junit4.SpringJUnit4ClassRunner - SpringJUnit4ClassRunner constructor called with [class com.example.demo.AuthApplicationTests]
16:03:26.908 [main] DEBUG org.springframework.test.context.BootstrapUtils - Instantiating CacheAwareContextLoaderDelegate from class [org.springframework.test.context.cache.DefaultCacheAwareContextLoaderDelegate]
16:03:26.919 [main] DEBUG org.springframework.test.context.BootstrapUtils - Instantiating BootstrapContext using constructor [public org.springframework.test.context.support.DefaultBootstrapContext(java.lang.Class,org.springframework.test.context.CacheAwareContextLoaderDelegate)]
16:03:26.941 [main] DEBUG org.springframework.test.context.BootstrapUtils - Instantiating TestContextBootstrapper for test class [com.example.demo.AuthApplicationTests] from class [org.springframework.boot.test.context.SpringBootTestContextBootstrapper]
16:03:26.952 [main] INFO org.springframework.boot.test.context.SpringBootTestContextBootstrapper - Neither @ContextConfiguration nor @ContextHierarchy found for test class [com.example.demo.AuthApplicationTests], using SpringBootContextLoader
16:03:26.956 [main] DEBUG org.springframework.test.context.support.AbstractContextLoader - Did not detect default resource location for test class [com.example.demo.AuthApplicationTests]: class path resource [com/example/demo/AuthApplicationTests-context.xml] does not exist
16:03:26.958 [main] DEBUG org.springframework.test.context.support.AbstractContextLoader - Did not detect default resource location for test class [com.example.demo.AuthApplicationTests]: class path resource [com/example/demo/AuthApplicationTestsContext.groovy] does not exist
16:03:26.958 [main] INFO org.springframework.test.context.support.AbstractContextLoader - Could not detect default resource locations for test class [com.example.demo.AuthApplicationTests]: no resource found for suffixes {-context.xml, Context.groovy}.
16:03:26.959 [main] INFO org.springframework.test.context.support.AnnotationConfigContextLoaderUtils - Could not detect default configuration classes for test class [com.example.demo.AuthApplicationTests]: AuthApplicationTests does not declare any static, non-private, non-final, nested classes annotated with @Configuration.
16:03:27.023 [main] DEBUG org.springframework.test.context.support.ActiveProfilesUtils - Could not find an 'annotation declaring class' for annotation type [org.springframework.test.context.ActiveProfiles] and class [com.example.demo.AuthApplicationTests]
16:03:27.097 [main] DEBUG org.springframework.context.annotation.ClassPathScanningCandidateComponentProvider - Identified candidate component class: file [/Users/hakim/.jenkins/workspace/Ecommerce-Build/target/classes/com/example/demo/AuthApplication.class]
16:03:27.100 [main] INFO org.springframework.boot.test.context.SpringBootTestContextBootstrapper - Found @SpringBootConfiguration com.example.demo.AuthApplication for test class com.example.demo.AuthApplicationTests
16:03:27.189 [main] DEBUG org.springframework.boot.test.context.SpringBootTestContextBootstrapper - @TestExecutionListeners is not present for class [com.example.demo.AuthApplicationTests]: using defaults.
16:03:27.189 [main] INFO org.springframework.boot.test.context.SpringBootTestContextBootstrapper - Loaded default TestExecutionListener class names from location [META-INF/spring.factories]: [org.springframework.boot.test.mock.mockito.MockitoTestExecutionListener, org.springframework.boot.test.mock.mockito.ResetMocksTestExecutionListener, org.springframework.boot.test.autoconfigure.restdocs.RestDocsTestExecutionListener, org.springframework.boot.test.autoconfigure.web.client.MockRestServiceServerResetTestExecutionListener, org.springframework.boot.test.autoconfigure.web.servlet.MockMvcPrintOnlyOnFailureTestExecutionListener, org.springframework.boot.test.autoconfigure.web.servlet.WebDriverTestExecutionListener, org.springframework.test.context.web.ServletTestExecutionListener, org.springframework.test.context.support.DirtiesContextBeforeModesTestExecutionListener, org.springframework.test.context.support.DependencyInjectionTestExecutionListener, org.springframework.test.context.support.DirtiesContextTestExecutionListener, org.springframework.test.context.transaction.TransactionalTestExecutionListener, org.springframework.test.context.jdbc.SqlScriptsTestExecutionListener]
16:03:27.206 [main] INFO org.springframework.boot.test.context.SpringBootTestContextBootstrapper - Using TestExecutionListeners: [org.springframework.test.context.web.ServletTestExecutionListener@b9b00e0, org.springframework.test.context.support.DirtiesContextBeforeModesTestExecutionListener@506ae4d4, org.springframework.boot.test.mock.mockito.MockitoTestExecutionListener@7d4f9aae, org.springframework.boot.test.autoconfigure.SpringBootDependencyInjectionTestExecutionListener@72e5a8e, org.springframework.test.context.support.DirtiesContextTestExecutionListener@54e1c68b, org.springframework.test.context.transaction.TransactionalTestExecutionListener@53aac487, org.springframework.test.context.jdbc.SqlScriptsTestExecutionListener@52b1beb6, org.springframework.boot.test.mock.mockito.ResetMocksTestExecutionListener@273e7444, org.springframework.boot.test.autoconfigure.restdocs.RestDocsTestExecutionListener@7db12bb6, org.springframework.boot.test.autoconfigure.web.client.MockRestServiceServerResetTestExecutionListener@783a467b, org.springframework.boot.test.autoconfigure.web.servlet.MockMvcPrintOnlyOnFailureTestExecutionListener@272113c4, org.springframework.boot.test.autoconfigure.web.servlet.WebDriverTestExecutionListener@73e9cf30]
16:03:27.207 [main] DEBUG org.springframework.test.annotation.ProfileValueUtils - Retrieved @ProfileValueSourceConfiguration [null] for test class [com.example.demo.AuthApplicationTests]
16:03:27.207 [main] DEBUG org.springframework.test.annotation.ProfileValueUtils - Retrieved ProfileValueSource type [class org.springframework.test.annotation.SystemProfileValueSource] for class [com.example.demo.AuthApplicationTests]
16:03:27.208 [main] DEBUG org.springframework.test.annotation.ProfileValueUtils - Retrieved @ProfileValueSourceConfiguration [null] for test class [com.example.demo.AuthApplicationTests]
16:03:27.209 [main] DEBUG org.springframework.test.annotation.ProfileValueUtils - Retrieved ProfileValueSource type [class org.springframework.test.annotation.SystemProfileValueSource] for class [com.example.demo.AuthApplicationTests]
16:03:27.209 [main] DEBUG org.springframework.test.annotation.ProfileValueUtils - Retrieved @ProfileValueSourceConfiguration [null] for test class [com.example.demo.AuthApplicationTests]
16:03:27.209 [main] DEBUG org.springframework.test.annotation.ProfileValueUtils - Retrieved ProfileValueSource type [class org.springframework.test.annotation.SystemProfileValueSource] for class [com.example.demo.AuthApplicationTests]
16:03:27.213 [main] DEBUG org.springframework.test.context.support.AbstractDirtiesContextTestExecutionListener - Before test class: context [DefaultTestContext@20140db9 testClass = AuthApplicationTests, testInstance = [null], testMethod = [null], testException = [null], mergedContextConfiguration = [WebMergedContextConfiguration@1e6a3214 testClass = AuthApplicationTests, locations = '{}', classes = '{class com.example.demo.AuthApplication}', contextInitializerClasses = '[]', activeProfiles = '{}', propertySourceLocations = '{}', propertySourceProperties = '{org.springframework.boot.test.context.SpringBootTestContextBootstrapper=true}', contextCustomizers = set[org.springframework.boot.test.context.filter.ExcludeFilterContextCustomizer@6293abcc, org.springframework.boot.test.json.DuplicateJsonObjectContextCustomizerFactory$DuplicateJsonObjectContextCustomizer@f8c1ddd, org.springframework.boot.test.mock.mockito.MockitoContextCustomizer@0, org.springframework.boot.test.web.client.TestRestTemplateContextCustomizer@3c72f59f, org.springframework.boot.test.autoconfigure.properties.PropertyMappingContextCustomizer@0, org.springframework.boot.test.autoconfigure.web.servlet.WebDriverContextCustomizerFactory$Customizer@18ce0030], resourceBasePath = 'src/main/webapp', contextLoader = 'org.springframework.boot.test.context.SpringBootContextLoader', parent = [null]], attributes = map['org.springframework.test.context.web.ServletTestExecutionListener.activateListener' -> true]], class annotated with @DirtiesContext [false] with mode [null].
16:03:27.214 [main] DEBUG org.springframework.test.annotation.ProfileValueUtils - Retrieved @ProfileValueSourceConfiguration [null] for test class [com.example.demo.AuthApplicationTests]
16:03:27.215 [main] DEBUG org.springframework.test.annotation.ProfileValueUtils - Retrieved ProfileValueSource type [class org.springframework.test.annotation.SystemProfileValueSource] for class [com.example.demo.AuthApplicationTests]
16:03:27.235 [main] DEBUG org.springframework.test.context.support.TestPropertySourceUtils - Adding inlined properties to environment: {spring.jmx.enabled=false, org.springframework.boot.test.context.SpringBootTestContextBootstrapper=true, server.port=-1}

  .   ____          _            __ _ _
 /\\ / ___'_ __ _ _(_)_ __  __ _ \ \ \ \
( ( )\___ | '_ | '_| | '_ \/ _` | \ \ \ \
 \\/  ___)| |_)| | | | | || (_| |  ) ) ) )
  '  |____| .__|_| |_|_| |_\__, | / / / /
 =========|_|==============|___/=/_/_/_/
 :: Spring Boot ::        (v2.1.5.RELEASE)

2020-10-29 16:03:27.802  INFO 11370 --- [           main] com.example.demo.AuthApplicationTests    : Starting AuthApplicationTests on MacBook-Pro-de-Benyoucef.local with PID 11370 (started by hakim in /Users/hakim/.jenkins/workspace/Ecommerce-Build)
2020-10-29 16:03:27.805  INFO 11370 --- [           main] com.example.demo.AuthApplicationTests    : No active profile set, falling back to default profiles: default
2020-10-29 16:03:28.686  INFO 11370 --- [           main] .s.d.r.c.RepositoryConfigurationDelegate : Bootstrapping Spring Data repositories in DEFAULT mode.
2020-10-29 16:03:28.761  INFO 11370 --- [           main] .s.d.r.c.RepositoryConfigurationDelegate : Finished Spring Data repository scanning in 69ms. Found 4 repository interfaces.
2020-10-29 16:03:29.444  INFO 11370 --- [           main] trationDelegate$BeanPostProcessorChecker : Bean 'org.springframework.transaction.annotation.ProxyTransactionManagementConfiguration' of type [org.springframework.transaction.annotation.ProxyTransactionManagementConfiguration$$EnhancerBySpringCGLIB$$b59f8ada] is not eligible for getting processed by all BeanPostProcessors (for example: not eligible for auto-proxying)
2020-10-29 16:03:29.730  INFO 11370 --- [           main] com.zaxxer.hikari.HikariDataSource       : HikariPool-1 - Starting...
2020-10-29 16:03:30.010  INFO 11370 --- [           main] com.zaxxer.hikari.HikariDataSource       : HikariPool-1 - Start completed.
2020-10-29 16:03:30.188  INFO 11370 --- [           main] o.hibernate.jpa.internal.util.LogHelper  : HHH000204: Processing PersistenceUnitInfo [
	name: default
	...]
2020-10-29 16:03:30.273  INFO 11370 --- [           main] org.hibernate.Version                    : HHH000412: Hibernate Core {5.3.10.Final}
2020-10-29 16:03:30.274  INFO 11370 --- [           main] org.hibernate.cfg.Environment            : HHH000206: hibernate.properties not found
2020-10-29 16:03:30.443  INFO 11370 --- [           main] o.hibernate.annotations.common.Version   : HCANN000001: Hibernate Commons Annotations {5.0.4.Final}
2020-10-29 16:03:30.575  INFO 11370 --- [           main] org.hibernate.dialect.Dialect            : HHH000400: Using dialect: org.hibernate.dialect.H2Dialect
2020-10-29 16:03:31.846  INFO 11370 --- [           main] j.LocalContainerEntityManagerFactoryBean : Initialized JPA EntityManagerFactory for persistence unit 'default'
2020-10-29 16:03:32.779  INFO 11370 --- [           main] o.s.s.web.DefaultSecurityFilterChain     : Creating filter chain: any request, [org.springframework.security.web.context.request.async.WebAsyncManagerIntegrationFilter@3831f4c2, org.springframework.security.web.context.SecurityContextPersistenceFilter@6d695ec4, org.springframework.security.web.header.HeaderWriterFilter@7c5d36c3, org.springframework.web.filter.CorsFilter@75f2ff80, org.springframework.security.web.authentication.logout.LogoutFilter@3205610d, com.example.demo.config.JWTAuthenticationFilter@253b1cbd, com.example.demo.config.JWTAuthenticationVerificationFilter@a859c5, org.springframework.security.web.savedrequest.RequestCacheAwareFilter@5ca8bd01, org.springframework.security.web.servletapi.SecurityContextHolderAwareRequestFilter@64f33dee, org.springframework.security.web.authentication.AnonymousAuthenticationFilter@37083af6, org.springframework.security.web.session.SessionManagementFilter@7ebfe01a, org.springframework.security.web.access.ExceptionTranslationFilter@6ec2d990, org.springframework.security.web.access.intercept.FilterSecurityInterceptor@155c7eae]
2020-10-29 16:03:33.272  INFO 11370 --- [           main] o.s.s.concurrent.ThreadPoolTaskExecutor  : Initializing ExecutorService 'applicationTaskExecutor'
2020-10-29 16:03:33.319  WARN 11370 --- [           main] aWebConfiguration$JpaWebMvcConfiguration : spring.jpa.open-in-view is enabled by default. Therefore, database queries may be performed during view rendering. Explicitly configure spring.jpa.open-in-view to disable this warning
2020-10-29 16:03:33.654  INFO 11370 --- [           main] com.example.demo.AuthApplicationTests    : Started AuthApplicationTests in 6.411 seconds (JVM running for 7.412)
[INFO] Tests run: 1, Failures: 0, Errors: 0, Skipped: 0, Time elapsed: 7.088 s - in com.example.demo.AuthApplicationTests
[INFO] Running com.example.demo.controllers.UserControllerTest
2020-10-29 16:03:34.019  INFO 11370 --- [           main] c.e.demo.controllers.UserController      : [CREATE USER] [Success] for user: test 
[INFO] Tests run: 3, Failures: 0, Errors: 0, Skipped: 0, Time elapsed: 0.208 s - in com.example.demo.controllers.UserControllerTest
[INFO] Running com.example.demo.controllers.ItemControllerTest
[INFO] Tests run: 5, Failures: 0, Errors: 0, Skipped: 0, Time elapsed: 0.087 s - in com.example.demo.controllers.ItemControllerTest
[INFO] Running com.example.demo.controllers.CartControllerTest
2020-10-29 16:03:34.119  INFO 11370 --- [           main] c.e.demo.controllers.CartController      : [REMOVE FROM CART] [Success] item Item 1 removed for user fymo 
2020-10-29 16:03:34.126  INFO 11370 --- [           main] c.e.demo.controllers.CartController      : [ADD TO CART] [Success] item Item 1 added for user fymo 
2020-10-29 16:03:34.127 ERROR 11370 --- [           main] c.e.demo.controllers.CartController      : [REMOVE FROM CART] [Fail] for user invalidUser, REASON : User not found
2020-10-29 16:03:34.127 ERROR 11370 --- [           main] c.e.demo.controllers.CartController      : [ADD TO CART] [Fail] for user invalidUser, REASON : User not found
[INFO] Tests run: 3, Failures: 0, Errors: 0, Skipped: 0, Time elapsed: 0.012 s - in com.example.demo.controllers.CartControllerTest
[INFO] Running com.example.demo.controllers.OrderControllerTest
2020-10-29 16:03:34.174  INFO 11370 --- [           main] c.e.demo.controllers.OrderController     : [ORDER HISTORY] [Success] for user : fymo
2020-10-29 16:03:34.176  INFO 11370 --- [           main] c.e.demo.controllers.OrderController     : [SUBMIT ORDER] [Success] for user : fymo
2020-10-29 16:03:34.177 ERROR 11370 --- [           main] c.e.demo.controllers.OrderController     : [SUBMIT ORDER] [Fail] for user invalid username, REASON : User not found
[INFO] Tests run: 4, Failures: 0, Errors: 0, Skipped: 0, Time elapsed: 0.046 s - in com.example.demo.controllers.OrderControllerTest
2020-10-29 16:03:34.194  INFO 11370 --- [       Thread-3] o.s.s.concurrent.ThreadPoolTaskExecutor  : Shutting down ExecutorService 'applicationTaskExecutor'
2020-10-29 16:03:34.196  INFO 11370 --- [       Thread-3] j.LocalContainerEntityManagerFactoryBean : Closing JPA EntityManagerFactory for persistence unit 'default'
2020-10-29 16:03:34.204  INFO 11370 --- [       Thread-3] o.s.b.f.support.DisposableBeanAdapter    : Invocation of destroy method failed on bean with name 'inMemoryDatabaseShutdownExecutor': org.h2.jdbc.JdbcSQLNonTransientConnectionException: La base de données est déjà fermée (pour désactiver la fermeture automatique à l'arrêt de la VM, ajoutez "; DB_CLOSE_ON_EXIT = FALSE" à l'URL db)
Database is already closed (to disable automatic closing at VM shutdown, add ";DB_CLOSE_ON_EXIT=FALSE" to the db URL) [90121-199]
2020-10-29 16:03:34.204  INFO 11370 --- [       Thread-3] com.zaxxer.hikari.HikariDataSource       : HikariPool-1 - Shutdown initiated...
2020-10-29 16:03:34.459  INFO 11370 --- [       Thread-3] com.zaxxer.hikari.HikariDataSource       : HikariPool-1 - Shutdown completed.
[INFO] 
[INFO] Results:
[INFO] 
[INFO] Tests run: 16, Failures: 0, Errors: 0, Skipped: 0
[INFO] 
[JENKINS] Enregistrement des résultats des tests
[INFO] 
[INFO] --- maven-jar-plugin:3.1.1:jar (default-jar) @ auth-course ---
[INFO] Building jar: /Users/hakim/.jenkins/workspace/Ecommerce-Build/target/auth-course-0.0.1-SNAPSHOT.jar
[INFO] 
[INFO] --- spring-boot-maven-plugin:2.1.5.RELEASE:repackage (repackage) @ auth-course ---
[INFO] Replacing main artifact with repackaged archive
[INFO] 
[INFO] --- maven-install-plugin:2.5.2:install (default-install) @ auth-course ---
[INFO] Installing /Users/hakim/.jenkins/workspace/Ecommerce-Build/target/auth-course-0.0.1-SNAPSHOT.jar to /Users/hakim/.m2/repository/com/example/auth-course/0.0.1-SNAPSHOT/auth-course-0.0.1-SNAPSHOT.jar
[INFO] Installing /Users/hakim/.jenkins/workspace/Ecommerce-Build/pom.xml to /Users/hakim/.m2/repository/com/example/auth-course/0.0.1-SNAPSHOT/auth-course-0.0.1-SNAPSHOT.pom
[Checks API] No suitable checks publisher found.
[INFO] ------------------------------------------------------------------------
[INFO] BUILD SUCCESS
[INFO] ------------------------------------------------------------------------
[INFO] Total time:  18.891 s
[INFO] Finished at: 2020-10-29T16:03:37+01:00
[INFO] ------------------------------------------------------------------------
En attente que Jenkins finisse de récupérer les données
[JENKINS] Archiving /Users/hakim/.jenkins/workspace/Ecommerce-Build/pom.xml to com.example/auth-course/0.0.1-SNAPSHOT/auth-course-0.0.1-SNAPSHOT.pom
[JENKINS] Archiving /Users/hakim/.jenkins/workspace/Ecommerce-Build/target/auth-course-0.0.1-SNAPSHOT.jar to com.example/auth-course/0.0.1-SNAPSHOT/auth-course-0.0.1-SNAPSHOT.jar
channel stopped
[Checks API] No suitable checks publisher found.
Finished: SUCCESS
